```````````````````````begin```````````````````
this is 1.0k run time is : 0:00:02.812766
this is 2.0k run time is : 0:00:05.633559
this is 3.0k run time is : 0:00:08.452529
this is 4.0k run time is : 0:00:11.342638
this is 5.0k run time is : 0:00:14.167064
this is 6.0k run time is : 0:00:16.983502
this is 7.0k run time is : 0:00:19.795094
this is 8.0k run time is : 0:00:22.599644
this is 9.0k run time is : 0:00:25.523187
this is 10.0k run time is : 0:00:28.347717
this is 11.0k run time is : 0:00:31.154940
this is 12.0k run time is : 0:00:33.970829
this is 13.0k run time is : 0:00:36.924480
this is 14.0k run time is : 0:00:39.734696
this is 15.0k run time is : 0:00:42.553598
this is 16.0k run time is : 0:00:45.363703
this is 17.0k run time is : 0:00:48.161351
this is 18.0k run time is : 0:00:51.113988
this is 19.0k run time is : 0:00:53.906442
this is 20.0k run time is : 0:00:56.704580
this is 21.0k run time is : 0:00:59.506350
this is 22.0k run time is : 0:01:02.304391
this is 23.0k run time is : 0:01:05.282506
this is 24.0k run time is : 0:01:08.068774
this is 25.0k run time is : 0:01:10.858821
this is 26.0k run time is : 0:01:13.652863
this is 27.0k run time is : 0:01:16.437756
this is 28.0k run time is : 0:01:19.241846
this is 29.0k run time is : 0:01:22.030730
this is 30.0k run time is : 0:01:24.820536
this is 31.0k run time is : 0:01:27.842294
this is 32.0k run time is : 0:01:30.643535
this is 33.0k run time is : 0:01:33.437373
this is 34.0k run time is : 0:01:36.229936
this is 35.0k run time is : 0:01:39.019058
this is 36.0k run time is : 0:01:41.818674
this is 37.0k run time is : 0:01:44.622622
this is 38.0k run time is : 0:01:47.423563
this is 39.0k run time is : 0:01:50.231457
this is 40.0k run time is : 0:01:53.327391
this is 41.0k run time is : 0:01:56.128767
this is 42.0k run time is : 0:01:58.944317
this is 43.0k run time is : 0:02:01.738311
this is 44.0k run time is : 0:02:04.532493
this is 45.0k run time is : 0:02:07.340802
this is 46.0k run time is : 0:02:10.137531
this is 47.0k run time is : 0:02:12.947557
this is 48.0k run time is : 0:02:15.760003
this is 49.0k run time is : 0:02:18.571761
this is 50.0k run time is : 0:02:21.385872
this is 51.0k run time is : 0:02:24.197004
this is 52.0k run time is : 0:02:27.366463
this is 53.0k run time is : 0:02:30.173540
this is 54.0k run time is : 0:02:32.968921
this is 55.0k run time is : 0:02:35.760427
this is 56.0k run time is : 0:02:38.569376
this is 57.0k run time is : 0:02:41.371951
this is 58.0k run time is : 0:02:44.184481
this is 59.0k run time is : 0:02:46.999329
this is 60.0k run time is : 0:02:49.812362
this is 61.0k run time is : 0:02:52.626005
this is 62.0k run time is : 0:02:55.429737
this is 63.0k run time is : 0:02:58.248363
this is 64.0k run time is : 0:03:01.070610
this is 65.0k run time is : 0:03:03.888611
this is 66.0k run time is : 0:03:07.135571
this is 67.0k run time is : 0:03:09.955683
this is 68.0k run time is : 0:03:12.784127
this is 69.0k run time is : 0:03:15.595261
this is 70.0k run time is : 0:03:18.405372
this is 71.0k run time is : 0:03:21.221540
this is 72.0k run time is : 0:03:24.031018
this is 73.0k run time is : 0:03:26.846729
this is 74.0k run time is : 0:03:29.657083
this is 75.0k run time is : 0:03:32.474742
this is 76.0k run time is : 0:03:35.279539
this is 77.0k run time is : 0:03:38.099264
this is 78.0k run time is : 0:03:40.912684
this is 79.0k run time is : 0:03:43.731048
this is 80.0k run time is : 0:03:46.552848
this is 81.0k run time is : 0:03:49.361471
this is 82.0k run time is : 0:03:52.180935
this is 83.0k run time is : 0:03:54.987951
this is 84.0k run time is : 0:03:58.337795
this is 85.0k run time is : 0:04:01.149102
this is 86.0k run time is : 0:04:03.967246
this is 87.0k run time is : 0:04:06.777988
this is 88.0k run time is : 0:04:09.596204
this is 89.0k run time is : 0:04:12.415754
this is 90.0k run time is : 0:04:15.223644
this is 91.0k run time is : 0:04:18.025651
this is 92.0k run time is : 0:04:20.829816
this is 93.0k run time is : 0:04:23.634910
this is 94.0k run time is : 0:04:26.454355
this is 95.0k run time is : 0:04:29.271332
this is 96.0k run time is : 0:04:32.082177
this is 97.0k run time is : 0:04:34.885643
this is 98.0k run time is : 0:04:37.689100
this is 99.0k run time is : 0:04:40.505889
this is 100.0k run time is : 0:04:43.324235
this is 101.0k run time is : 0:04:46.132984
this is 102.0k run time is : 0:04:48.940000
this is 103.0k run time is : 0:04:51.747914
this is 104.0k run time is : 0:04:54.557129
this is 105.0k run time is : 0:04:57.382341
this is 106.0k run time is : 0:05:00.867005
this is 107.0k run time is : 0:05:03.684213
this is 108.0k run time is : 0:05:06.499386
this is 109.0k run time is : 0:05:09.300356
this is 110.0k run time is : 0:05:12.125709
this is 111.0k run time is : 0:05:14.937640
this is 112.0k run time is : 0:05:17.742231
this is 113.0k run time is : 0:05:20.559650
this is 114.0k run time is : 0:05:23.374682
this is 115.0k run time is : 0:05:26.191807
this is 116.0k run time is : 0:05:29.014895
this is 117.0k run time is : 0:05:31.826595
this is 118.0k run time is : 0:05:34.649550
this is 119.0k run time is : 0:05:37.463989
this is 120.0k run time is : 0:05:40.273347
this is 121.0k run time is : 0:05:43.088505
this is 122.0k run time is : 0:05:45.898260
this is 123.0k run time is : 0:05:48.712170
this is 124.0k run time is : 0:05:51.530086
this is 125.0k run time is : 0:05:54.343315
this is 126.0k run time is : 0:05:57.156312
this is 127.0k run time is : 0:05:59.971191
this is 128.0k run time is : 0:06:02.778593
this is 129.0k run time is : 0:06:05.599524
this is 130.0k run time is : 0:06:08.409118
this is 131.0k run time is : 0:06:11.220511
this is 132.0k run time is : 0:06:14.028933
this is 133.0k run time is : 0:06:16.837870
/root/miniconda3/envs/auto/lib/python3.7/site-packages/numpy/lib/npyio.py:528: VisibleDeprecationWarning: Creating an ndarray from ragged nested sequences (which is a list-or-tuple of lists-or-tuples-or ndarrays with different lengths or shapes) is deprecated. If you meant to do this, you must specify 'dtype=object' when creating the ndarray.
  arr = np.asanyarray(arr)
totle run time is :  0:06:24.850520
``````````````````````end```````````````````````
